↳ java/lang/Thread 
   ↳ java/lang/Object 
      ↳ java/lang/Class 
         ↳ java/io/Serializable 
         ↳ java/lang/reflect/GenericDeclaration 
            ↳ java/lang/reflect/AnnotatedElement 
         ↳ java/lang/reflect/Type 
         java/lang/Object.<clinit>()V 
         java/lang/Class.<clinit>()V 
         ↳ java/io/ObjectStreamField 
            ↳ java/lang/Comparable 
         ↳ [Ljava/io/ObjectStreamField; 
            ↳ java/lang/Cloneable 
   ↳ java/lang/Runnable 
   java/lang/Thread.<clinit>()V 
   ↳ java/lang/StackTraceElement 
   ↳ [Ljava/lang/StackTraceElement; 
   ↳ java/lang/RuntimePermission 
      ↳ java/security/BasicPermission 
         ↳ java/security/Permission 
            ↳ java/security/Guard 
   ↳ java/lang/String 
      ↳ java/lang/CharSequence 
      java/lang/String.<clinit>()V 
      ↳ java/lang/String$CaseInsensitiveComparator 
         ↳ java/util/Comparator 
   ↳ [C 
↳ java/lang/ThreadGroup 
   ↳ java/lang/Thread$UncaughtExceptionHandler 
↳ java/lang/System 
   java/lang/System.<clinit>()V 
↳ java/util/Properties 
   ↳ java/util/Hashtable 
      ↳ java/util/Dictionary 
      ↳ java/util/Map 
   java/util/Properties.<clinit>()V 
↳ java/lang/Float 
   ↳ java/lang/Number 
   java/lang/Float.<clinit>()V 
↳ java/util/Hashtable$Entry 
   ↳ java/util/Map$Entry 
↳ [Ljava/util/Hashtable$Entry; 
↳ java/lang/Math 
   java/lang/Math.<clinit>()V 
   ↳ java/lang/Double 
      java/lang/Double.<clinit>()V 
↳ sun/misc/VM 
   sun/misc/VM.<clinit>()V 
↳ java/util/Hashtable$EntrySet 
   ↳ java/util/AbstractSet 
      ↳ java/util/AbstractCollection 
         ↳ java/util/Collection 
            ↳ java/lang/Iterable 
      ↳ java/util/Set 
↳ java/util/Collections 
   java/util/Collections.<clinit>()V 
   ↳ java/util/Collections$EmptySet 
   ↳ java/util/Collections$EmptyList 
      ↳ java/util/AbstractList 
         ↳ java/util/List 
      ↳ java/util/RandomAccess 
   ↳ java/util/Collections$EmptyMap 
      ↳ java/util/AbstractMap 
↳ java/util/Collections$SynchronizedSet 
   ↳ java/util/Collections$SynchronizedCollection 
↳ java/util/Objects 
↳ java/util/Hashtable$Enumerator 
   ↳ java/util/Enumeration 
   ↳ java/util/Iterator 
↳ sun/misc/Version 
   sun/misc/Version.<clinit>()V 
↳ java/io/FileInputStream 
   ↳ java/io/InputStream 
      ↳ java/io/Closeable 
         ↳ java/lang/AutoCloseable 
   java/io/FileInputStream.<clinit>()V 
↳ java/io/FileDescriptor 
   java/io/FileDescriptor.<clinit>()V 
   ↳ java/io/FileDescriptor$1 
      ↳ sun/misc/JavaIOFileDescriptorAccess 
   ↳ sun/misc/SharedSecrets 
      sun/misc/SharedSecrets.<clinit>()V 
      ↳ sun/misc/Unsafe 
         sun/misc/Unsafe.<clinit>()V 
         ↳ [Ljava/lang/String; 
         ↳ sun/reflect/Reflection 
            sun/reflect/Reflection.<clinit>()V 
            ↳ java/util/HashMap 
            ↳ java/util/HashMap$Node 
            ↳ [Ljava/util/HashMap$Node; 
            ↳ java/util/HashMap$TreeNode 
               ↳ java/util/LinkedHashMap$Entry 
               java/util/HashMap$TreeNode.<clinit>()V 
         ↳ [Z 
         ↳ [B 
         ↳ [S 
         ↳ [I 
         ↳ [J 
         ↳ [F 
         ↳ [D 
         ↳ [Ljava/lang/Object; 
↳ java/io/FileOutputStream 
   ↳ java/io/OutputStream 
      ↳ java/io/Flushable 
   java/io/FileOutputStream.<clinit>()V 
↳ java/io/BufferedInputStream 
   ↳ java/io/FilterInputStream 
   java/io/BufferedInputStream.<clinit>()V 
   ↳ java/util/concurrent/atomic/AtomicReferenceFieldUpdater 
   ↳ java/util/concurrent/atomic/AtomicReferenceFieldUpdater$AtomicReferenceFieldUpdaterImpl 
      java/util/concurrent/atomic/AtomicReferenceFieldUpdater$AtomicReferenceFieldUpdaterImpl.<clinit>()V 
   ↳ java/util/concurrent/atomic/AtomicReferenceFieldUpdater$AtomicReferenceFieldUpdaterImpl$1 
      ↳ java/security/PrivilegedExceptionAction 
   ↳ java/security/AccessController 
   ↳ java/lang/Class$3 
      ↳ java/security/PrivilegedAction 
   ↳ java/lang/Class$ReflectionData 
   ↳ java/lang/ref/SoftReference 
      ↳ java/lang/ref/Reference 
      java/lang/ref/Reference.<clinit>()V 
      ↳ java/lang/ref/Reference$Lock 
      ↳ java/lang/ref/Reference$ReferenceHandler 
         java/lang/ref/Reference$ReferenceHandler.<clinit>()V 
         ↳ java/lang/InterruptedException 
            ↳ java/lang/Exception 
               ↳ java/lang/Throwable 
            java/lang/Throwable.<clinit>()V 
            ↳ java/util/ArrayList 
               java/util/ArrayList.<clinit>()V 
            ↳ java/util/Collections$UnmodifiableRandomAccessList 
               ↳ java/util/Collections$UnmodifiableList 
                  ↳ java/util/Collections$UnmodifiableCollection 
            ↳ [Ljava/lang/Throwable; 
         ↳ sun/misc/Cleaner 
            ↳ java/lang/ref/PhantomReference 
            java/lang/ref/Reference.<clinit>()V 
            ↳ java/security/AccessControlContext 
               java/security/AccessControlContext.<clinit>()V 
            ↳ [Ljava/lang/Thread; 
            ↳ java/lang/ref/Reference$1 
               ↳ sun/misc/JavaLangRefAccess 
            sun/misc/Cleaner.<clinit>()V 
            ↳ java/lang/ref/ReferenceQueue 
               java/lang/ref/ReferenceQueue.<clinit>()V 
               ↳ java/lang/ref/ReferenceQueue$Null 
                  java/lang/ref/ReferenceQueue.<clinit>()V 
                  ↳ java/lang/ref/ReferenceQueue$Lock 
   ↳ java/lang/Class$Atomic 
      java/lang/Class$Atomic.<clinit>()V 
      ↳ [Ljava/lang/reflect/Field; 
         ↳ java/lang/reflect/Field 
            ↳ java/lang/reflect/AccessibleObject 
            ↳ java/lang/reflect/Member 
            java/lang/reflect/AccessibleObject.<clinit>()V 
            ↳ java/lang/reflect/ReflectPermission 
            ↳ sun/reflect/ReflectionFactory$GetReflectionFactoryAction 
            ↳ sun/reflect/ReflectionFactory 
               sun/reflect/ReflectionFactory.<clinit>()V 
      ↳ java/lang/reflect/Constructor 
         ↳ java/lang/reflect/Executable 
      ↳ java/lang/ClassLoader 
         java/lang/ClassLoader.<clinit>()V 
         ↳ java/security/cert/Certificate 
         ↳ [Ljava/security/cert/Certificate; 
         ↳ java/util/Vector 
         ↳ java/util/Stack 
      ↳ java/security/ProtectionDomain 
         java/security/ProtectionDomain.<clinit>()V 
         ↳ java/security/ProtectionDomain$JavaSecurityAccessImpl 
            ↳ sun/misc/JavaSecurityAccess 
         ↳ sun/security/util/Debug 
            sun/security/util/Debug.<clinit>()V 
            ↳ sun/security/action/GetPropertyAction 
         ↳ java/security/ProtectionDomain$2 
            ↳ sun/misc/JavaSecurityProtectionDomainAccess 
      ↳ sun/reflect/generics/repository/ClassRepository 
         ↳ sun/reflect/generics/repository/GenericDeclRepository 
            ↳ sun/reflect/generics/repository/AbstractRepository 
         sun/reflect/generics/repository/ClassRepository.<clinit>()V 
         ↳ sun/reflect/generics/parser/SignatureParser 
            sun/reflect/generics/parser/SignatureParser.<clinit>()V 
         ↳ sun/reflect/generics/tree/FormalTypeParameter 
            ↳ sun/reflect/generics/tree/TypeTree 
               ↳ sun/reflect/generics/tree/Tree 
         ↳ [Lsun/reflect/generics/tree/FormalTypeParameter; 
         ↳ java/lang/StringBuilder 
            ↳ java/lang/AbstractStringBuilder 
               ↳ java/lang/Appendable 
         ↳ java/lang/Character 
            java/lang/Character.<clinit>()V 
         ↳ java/lang/CharacterData 
         ↳ java/lang/CharacterDataLatin1 
            java/lang/CharacterDataLatin1.<clinit>()V 
         ↳ java/util/Arrays 
            java/util/Arrays.<clinit>()V 
         ↳ sun/reflect/generics/tree/TypeArgument 
         ↳ [Lsun/reflect/generics/tree/TypeArgument; 
         ↳ sun/reflect/generics/tree/SimpleClassTypeSignature 
            ↳ sun/reflect/generics/tree/FieldTypeSignature 
               ↳ sun/reflect/generics/tree/BaseType 
                  ↳ sun/reflect/generics/tree/TypeSignature 
                     ↳ sun/reflect/generics/tree/ReturnType 
         ↳ sun/reflect/generics/tree/ClassTypeSignature 
         ↳ java/lang/ArrayIndexOutOfBoundsException 
            ↳ java/lang/IndexOutOfBoundsException 
               ↳ java/lang/RuntimeException 
         ↳ [Lsun/reflect/generics/tree/ClassTypeSignature; 
         ↳ sun/reflect/generics/tree/ClassSignature 
            ↳ sun/reflect/generics/tree/Signature 
      ↳ java/lang/Class$AnnotationData 
      ↳ sun/reflect/annotation/AnnotationType 
         sun/reflect/annotation/AnnotationType.<clinit>()V 
      ↳ java/lang/ClassValue$ClassValueMap 
         ↳ java/util/WeakHashMap 
         java/util/WeakHashMap.<clinit>()V 
         java/lang/ClassValue$ClassValueMap.<clinit>()V 
         ↳ java/lang/ClassValue 
            java/lang/ClassValue.<clinit>()V 
            ↳ java/lang/ClassValue$Entry 
               ↳ java/lang/ref/WeakReference 
               java/lang/ClassValue$Entry.<clinit>()V 
            ↳ [Ljava/lang/ClassValue$Entry; 
            ↳ java/util/concurrent/atomic/AtomicInteger 
               java/util/concurrent/atomic/AtomicInteger.<clinit>()V 
               ↳ java/lang/reflect/Modifier 
                  java/lang/reflect/Modifier.<clinit>()V 
                  ↳ java/lang/reflect/ReflectAccess 
                     ↳ sun/reflect/LangReflectAccess 
   ↳ sun/reflect/misc/ReflectUtil 
↳ java/io/PrintStream 
   ↳ java/io/FilterOutputStream 
↳ java/io/BufferedOutputStream 
↳ java/io/OutputStreamWriter 
   ↳ java/io/Writer 
↳ sun/nio/cs/StreamEncoder 
   sun/nio/cs/StreamEncoder.<clinit>()V 
↳ java/nio/charset/Charset 
   java/nio/charset/Charset.<clinit>()V 
   ↳ sun/nio/cs/StandardCharsets 
      ↳ sun/nio/cs/FastCharsetProvider 
         ↳ java/nio/charset/spi/CharsetProvider 
      sun/nio/cs/StandardCharsets.<clinit>()V 
   ↳ sun/nio/cs/StandardCharsets$Aliases 
      ↳ sun/util/PreHashedMap 
   ↳ sun/nio/cs/StandardCharsets$Classes 
   ↳ sun/nio/cs/StandardCharsets$Cache 
   ↳ java/lang/ThreadLocal 
      java/lang/ThreadLocal.<clinit>()V 
↳ sun/nio/cs/UTF_8 
   ↳ sun/nio/cs/Unicode 
      ↳ sun/nio/cs/HistoricallyNamedCharset 
↳ [Ljava/lang/Class; 
↳ [Ljava/lang/reflect/Constructor; 
↳ java/lang/Class$1 
↳ sun/reflect/ReflectionFactory$1 
↳ sun/reflect/ConstructorAccessorImpl 
   ↳ sun/reflect/MagicAccessorImpl 
   ↳ sun/reflect/ConstructorAccessor 
↳ sun/reflect/NativeConstructorAccessorImpl 
↳ sun/reflect/DelegatingConstructorAccessorImpl 
↳ sun/nio/cs/UTF_8$Encoder 
   ↳ java/nio/charset/CharsetEncoder 
   ↳ sun/nio/cs/ArrayEncoder 
   java/nio/charset/CharsetEncoder.<clinit>()V 
↳ java/nio/charset/CodingErrorAction 
   java/nio/charset/CodingErrorAction.<clinit>()V 
↳ java/nio/ByteBuffer 
   ↳ java/nio/Buffer 
↳ java/nio/HeapByteBuffer 
↳ java/nio/Bits 
   java/nio/Bits.<clinit>()V 
   ↳ java/nio/ByteOrder 
      java/nio/ByteOrder.<clinit>()V 
   ↳ java/util/concurrent/atomic/AtomicLong 
      java/util/concurrent/atomic/AtomicLong.<clinit>()V 
   ↳ java/nio/Bits$1 
      ↳ sun/misc/JavaNioAccess 
↳ java/io/BufferedWriter 
   java/io/BufferedWriter.<clinit>()V 
↳ sun/misc/OSEnvironment 
↳ java/lang/System$2 
   ↳ sun/misc/JavaLangAccess 
↳ case2/Calendar 
↳ java/lang/Integer 
   java/lang/Integer.<clinit>()V 
↳ java/nio/CharBuffer 
   ↳ java/lang/Readable 
↳ java/nio/HeapCharBuffer 
↳ java/nio/charset/CoderResult 
   java/nio/charset/CoderResult.<clinit>()V 
   ↳ java/nio/charset/CoderResult$1 
      ↳ java/nio/charset/CoderResult$Cache 
   ↳ java/nio/charset/CoderResult$2 
↳ java/lang/Integer$IntegerCache 
   java/lang/Integer$IntegerCache.<clinit>()V 
   ↳ [Ljava/lang/Integer; 
↳ java/util/Formatter 
   java/util/Formatter.<clinit>()V 
   ↳ java/util/regex/Pattern 
      java/util/regex/Pattern.<clinit>()V 
      ↳ java/util/regex/Pattern$4 
         ↳ java/util/regex/Pattern$Node 
      ↳ java/util/regex/Pattern$LastNode 
   ↳ java/util/regex/Pattern$GroupHead 
   ↳ [Ljava/util/regex/Pattern$GroupHead; 
   ↳ java/util/regex/Pattern$Single 
      ↳ java/util/regex/Pattern$BmpCharProperty 
         ↳ java/util/regex/Pattern$CharProperty 
   ↳ java/util/regex/Pattern$GroupTail 
   ↳ java/util/regex/Pattern$Ctype 
   ↳ java/util/regex/Pattern$Curly 
   ↳ java/util/regex/Pattern$Ques 
   ↳ java/util/regex/Pattern$BranchConn 
   ↳ java/util/regex/Pattern$Branch 
   ↳ [Ljava/util/regex/Pattern$Node; 
   ↳ java/util/regex/Pattern$BitClass 
      java/util/regex/Pattern$BitClass.<clinit>()V 
   ↳ java/util/regex/Pattern$1 
   ↳ java/util/regex/Pattern$5 
   ↳ java/util/regex/Pattern$Slice 
      ↳ java/util/regex/Pattern$SliceNode 
   ↳ java/util/regex/Pattern$Begin 
   ↳ java/util/regex/Pattern$First 
   ↳ java/util/regex/Pattern$Start 
   ↳ java/util/regex/Pattern$TreeInfo 
↳ java/util/Locale$Category 
   ↳ java/lang/Enum 
   java/util/Locale$Category.<clinit>()V 
   ↳ [Ljava/util/Locale$Category; 
↳ java/util/Locale 
   java/util/Locale.<clinit>()V 
   ↳ java/util/Locale$Cache 
      ↳ sun/util/locale/LocaleObjectCache 
   ↳ java/util/concurrent/ConcurrentHashMap 
      ↳ java/util/concurrent/ConcurrentMap 
      java/util/concurrent/ConcurrentHashMap.<clinit>()V 
      ↳ java/lang/Runtime 
         java/lang/Runtime.<clinit>()V 
      ↳ [Ljava/util/concurrent/ConcurrentHashMap$Segment; 
         ↳ java/util/concurrent/ConcurrentHashMap$Segment 
            ↳ java/util/concurrent/locks/ReentrantLock 
               ↳ java/util/concurrent/locks/Lock 
      ↳ [Ljava/util/concurrent/ConcurrentHashMap$Node; 
         ↳ java/util/concurrent/ConcurrentHashMap$Node 
      ↳ [Ljava/util/concurrent/ConcurrentHashMap$CounterCell; 
         ↳ java/util/concurrent/ConcurrentHashMap$CounterCell 
      ↳ java/util/concurrent/ConcurrentHashMap$KeySetView 
         ↳ java/util/concurrent/ConcurrentHashMap$CollectionView 
      ↳ java/util/concurrent/ConcurrentHashMap$ValuesView 
      ↳ java/util/concurrent/ConcurrentHashMap$EntrySetView 
   ↳ sun/util/locale/BaseLocale 
      sun/util/locale/BaseLocale.<clinit>()V 
      ↳ sun/util/locale/BaseLocale$Cache 
         sun/util/locale/BaseLocale$Cache.<clinit>()V 
   ↳ sun/util/locale/BaseLocale$Key 
      sun/util/locale/BaseLocale$Key.<clinit>()V 
   ↳ sun/util/locale/LocaleObjectCache$CacheEntry 
   ↳ java/util/concurrent/ConcurrentHashMap$ForwardingNode 
   ↳ java/util/Locale$LocaleKey 
   ↳ sun/util/locale/LocaleUtils 
↳ java/util/Locale$1 
   java/util/Locale$1.<clinit>()V 
↳ java/util/regex/Matcher 
   ↳ java/util/regex/MatchResult 
↳ java/util/regex/ASCII 
   java/util/regex/ASCII.<clinit>()V 
↳ java/util/Formatter$FormatSpecifier 
   ↳ java/util/Formatter$FormatString 
   java/util/Formatter$FormatSpecifier.<clinit>()V 
↳ java/util/Formatter$Flags 
   java/util/Formatter$Flags.<clinit>()V 
↳ java/util/Formatter$Conversion 
↳ [Ljava/util/Formatter$Flags; 
↳ java/util/Formatter$FixedString 
↳ [Ljava/util/Formatter$FormatString; 
↳ java/lang/Byte 
   java/lang/Byte.<clinit>()V 
↳ java/lang/Short 
   java/lang/Short.<clinit>()V 
↳ java/lang/Long 
   java/lang/Long.<clinit>()V 
